
Showing logs for build [32mxueyuanzang-express-hello-maste-q2zs7-3[0m stage [32mfrom-build-pack[0m and container [32mcredential-initializer[0m
{"level":"info","ts":1614926657.1095893,"caller":"creds-init/main.go:44","msg":"Credentials initialized."}

Showing logs for build [32mxueyuanzang-express-hello-maste-q2zs7-3[0m stage [32mfrom-build-pack[0m and container [32mworking-dir-initializer[0m

Showing logs for build [32mxueyuanzang-express-hello-maste-q2zs7-3[0m stage [32mfrom-build-pack[0m and container [32mplace-tools[0m

Showing logs for build [32mxueyuanzang-express-hello-maste-q2zs7-3[0m stage [32mfrom-build-pack[0m and container [32mstep-git-source-xueyuanzang-express-hello-maste-q2zs7-c9rvt[0m
{"level":"info","ts":1614926666.5845807,"caller":"git/git.go:105","msg":"Successfully cloned https://github.com/***********/express-hello.git @ v0.0.3 in path /workspace/source"}
{"level":"warn","ts":1614926666.5848737,"caller":"git/git.go:152","msg":"Unexpected error: creating symlink: symlink /tekton/home/.ssh /root/.ssh: file exists"}
{"level":"info","ts":1614926666.6194909,"caller":"git/git.go:133","msg":"Successfully initialized and updated submodules in path /workspace/source"}

Showing logs for build [32mxueyuanzang-express-hello-maste-q2zs7-3[0m stage [32mfrom-build-pack[0m and container [32mstep-setup-builder-home[0m

Showing logs for build [32mxueyuanzang-express-hello-maste-q2zs7-3[0m stage [32mfrom-build-pack[0m and container [32mstep-git-merge[0m
Using SHAs from PULL_REFS=master:db6be30562c33bd56e8b06b30a034eb44df5a246
WARNING: no SHAs to merge, falling back to initial cloned commit

Showing logs for build [32mxueyuanzang-express-hello-maste-q2zs7-3[0m stage [32mfrom-build-pack[0m and container [32mstep-setup-jx-git-credentials[0m
Generated Git credentials file /workspace/xdg_config/git/credentials

Showing logs for build [32mxueyuanzang-express-hello-maste-q2zs7-3[0m stage [32mfrom-build-pack[0m and container [32mstep-build-npmrc[0m
WARNING: failed to find Secret npm-token in namespace **

Showing logs for build [32mxueyuanzang-express-hello-maste-q2zs7-3[0m stage [32mfrom-build-pack[0m and container [32mstep-build-npm-install[0m
npm WARN express-hello@1.0.0 No repository field.

added 50 packages from 37 contributors and audited 50 packages in 1.206s
found 0 vulnerabilities


Showing logs for build [32mxueyuanzang-express-hello-maste-q2zs7-3[0m stage [32mfrom-build-pack[0m and container [32mstep-build-npm-test[0m

> express-hello@1.0.0 test /workspace/source
> exit 0


Showing logs for build [32mxueyuanzang-express-hello-maste-q2zs7-3[0m stage [32mfrom-build-pack[0m and container [32mstep-build-container-build[0m
E0305 06:44:31.590224      11 aws_credentials.go:77] while getting AWS credentials NoCredentialProviders: no valid providers in chain. Deprecated.
	For verbose messaging see aws.Config.CredentialsChainVerboseErrors
[36mINFO[0m[0001] Using dockerignore file: /workspace/source/.dockerignore 
[36mINFO[0m[0001] Retrieving image manifest node:9-slim        
E0305 06:44:32.144266      11 metadata.go:154] while reading 'google-dockercfg' metadata: http status code: 404 while fetching url http://metadata.google.internal./computeMetadata/v1/instance/attributes/google-dockercfg
E0305 06:44:32.151623      11 metadata.go:166] while reading 'google-dockercfg-url' metadata: http status code: 404 while fetching url http://metadata.google.internal./computeMetadata/v1/instance/attributes/google-dockercfg-url
[36mINFO[0m[0003] Retrieving image manifest node:9-slim        
[36mINFO[0m[0005] Built cross stage deps: map[]                
[36mINFO[0m[0005] Retrieving image manifest node:9-slim        
[36mINFO[0m[0007] Retrieving image manifest node:9-slim        
[36mINFO[0m[0008] Executing 0 build triggers                   
[36mINFO[0m[0008] cmd: EXPOSE                                  
[36mINFO[0m[0008] Adding exposed port: 8080/tcp                
[36mINFO[0m[0008] Checking for cached layer gcr.io/ivory-nectar-300702/cache:d0151cc34602cf085daa4df513c53f98997c2e00a1677bd3926f661fb2ecc0d6... 
[36mINFO[0m[0009] No cached layer found for cmd COPY . .       
[36mINFO[0m[0009] Unpacking rootfs as cmd COPY . . requires it. 
[36mINFO[0m[0014] ENV PORT 8080                                
[36mINFO[0m[0014] No files changed in this command, skipping snapshotting. 
[36mINFO[0m[0014] EXPOSE 8080                                  
[36mINFO[0m[0014] cmd: EXPOSE                                  
[36mINFO[0m[0014] Adding exposed port: 8080/tcp                
[36mINFO[0m[0014] No files changed in this command, skipping snapshotting. 
[36mINFO[0m[0014] WORKDIR /usr/src/app                         
[36mINFO[0m[0014] cmd: workdir                                 
[36mINFO[0m[0014] Changed working directory to /usr/src/app    
[36mINFO[0m[0014] Creating directory /usr/src/app              
[36mINFO[0m[0014] Resolving 1 paths                            
[36mINFO[0m[0014] Taking snapshot of files...                  
[36mINFO[0m[0014] COPY . .                                     
[36mINFO[0m[0014] Resolving 509 paths                          
[36mINFO[0m[0014] Taking snapshot of files...                  
[36mINFO[0m[0014] Pushing layer gcr.io/ivory-nectar-300702/cache:d0151cc34602cf085daa4df513c53f98997c2e00a1677bd3926f661fb2ecc0d6 to cache now 
[36mINFO[0m[0014] CMD ["npm", "start"]                         
[36mINFO[0m[0014] No files changed in this command, skipping snapshotting. 

Showing logs for build [32mxueyuanzang-express-hello-maste-q2zs7-3[0m stage [32mfrom-build-pack[0m and container [32mstep-build-post-build[0m
no CVE provider running in the current ** namespace so skip adding image to be analysed

Showing logs for build [32mxueyuanzang-express-hello-maste-q2zs7-3[0m stage [32mfrom-build-pack[0m and container [32mstep-promote-changelog[0m
Converted /workspace/source/charts/express-hello to an unshallow repository
Generating change log from git ref a97efa79bb415619849fd1fb2ccb5d41acf22f6e => 8638bed20d94f805d7c0007d7bcf274b94025d43
Associating user mike in users.jenkins.io with email zangxueyuan@126.com to git GitProvider user with login mike-0 as emails match
Adding label jenkins.io/git-github-userid=mike-0 to user mike in users.jenkins.io
Associating user github in users.jenkins.io with email noreply@github.com to git GitProvider user with login github-0 as emails match
Adding label jenkins.io/git-github-userid=github-0 to user github in users.jenkins.io
Finding issues in commit messages using git format
WARNING: No release found for ***********/express-hello and tag v0.0.3 so creating a new release
Updated the release information at https://github.com/***********/express-hello/releases/tag/v0.0.3
generated: /workspace/source/charts/express-hello/templates/release.yaml
Created Release express-hello-0-0-3 resource in namespace **
Updating PipelineActivity ***********-express-hello-master-3 with version 0.0.3
Updated PipelineActivities ***********-express-hello-master-3 with release notes URL: https://github.com/***********/express-hello/releases/tag/v0.0.3

Showing logs for build [32mxueyuanzang-express-hello-maste-q2zs7-3[0m stage [32mfrom-build-pack[0m and container [32mstep-promote-helm-release[0m
WARNING: No $CHART_REPOSITORY defined so using the default value of: http://jenkins-x-chartmuseum:8080
Adding missing Helm repo: storage.googleapis.com https://storage.googleapis.com/chartmuseum.jenkins-x.io
Successfully added Helm repository storage.googleapis.com.
Adding missing Helm repo: jenkins-x-chartmuseum http://jenkins-x-chartmuseum:8080
Successfully added Helm repository jenkins-x-chartmuseum.
WARNING: No $CHART_REPOSITORY defined so using the default value of: http://jenkins-x-chartmuseum:8080
Uploading chart file express-hello-0.0.3.tgz to http://jenkins-x-chartmuseum:8080/api/charts
Received 201 response: {"saved":true}

Showing logs for build [32mxueyuanzang-express-hello-maste-q2zs7-3[0m stage [32mfrom-build-pack[0m and container [32mstep-promote-jx-promote[0m
WARNING: prow based install so skip waiting for the merge of Pull Requests to go green as currently there is an issue with gettingstatuses from the PR, see https://github.com/jenkins-x/**/issues/2410
WARNING: No $CHART_REPOSITORY defined so using the default value of: http://jenkins-x-chartmuseum:8080
Promoting app express-hello version 0.0.3 to namespace **-staging
Created Pull Request: https://github.com/***********/environment-jenkins-x-staging/pull/3
Added label updatebot to Pull Request https://github.com/***********/environment-jenkins-x-staging/pull/3
got git provider status pending from PR https://github.com/***********/environment-jenkins-x-staging/pull/3
Pull Request https://github.com/***********/environment-jenkins-x-staging/pull/3 is merged at sha 734232736a8ad84d993197ef8e7984515687ae77
Pull Request merged but we are not waiting for the update pipeline to complete!
